platforms/android/app/build/outputs/logs/manifest-merger-debug-report.txt
-- Merging decision tree log ---
provider#de.appplant.cordova.plugin.notification.util.AssetProvider
INJECTED from src\main\AndroidManifest.xml:15:9-17:20
	android:grantUriPermissions
		ADDED from src\main\AndroidManifest.xml:15:92-126
	android:authorities
		INJECTED from src\main\AndroidManifest.xml
		ADDED from src\main\AndroidManifest.xml:15:19-66
	android:exported
		ADDED from src\main\AndroidManifest.xml:15:67-91
	android:name
		ADDED from src\main\AndroidManifest.xml:15:127-200
manifest
ADDED from src\main\AndroidManifest.xml:2:1-27:12
INJECTED from src\main\AndroidManifest.xml:2:1-27:12
INJECTED from src\main\AndroidManifest.xml:2:1-27:12
INJECTED from src\main\AndroidManifest.xml:2:1-27:12
MERGED from [me.leolin:ShortcutBadger:1.1.21] AndroidManifest.xml:2:1-52:12
MERGED from [com.facebook.android:facebook-android-sdk:4.32.0] AndroidManifest.xml:21:1-31:12
MERGED from [com.facebook.android:facebook-login:4.32.0] AndroidManifest.xml:21:1-31:12
MERGED from [com.facebook.android:facebook-share:4.32.0] AndroidManifest.xml:21:1-31:12
MERGED from [com.facebook.android:facebook-common:4.32.0] AndroidManifest.xml:21:1-36:12
MERGED from [com.android.support:support-v4:27.0.2] AndroidManifest.xml:17:1-22:12
MERGED from [:CordovaLib] AndroidManifest.xml:20:1-27:12
MERGED from [com.facebook.android:facebook-places:4.32.0] AndroidManifest.xml:21:1-31:12
MERGED from [com.facebook.android:facebook-applinks:4.32.0] AndroidManifest.xml:21:1-31:12
MERGED from [com.facebook.android:facebook-messenger:4.32.0] AndroidManifest.xml:21:1-31:12
MERGED from [com.facebook.android:facebook-core:4.32.0] AndroidManifest.xml:21:1-45:12
MERGED from [com.android.support:customtabs:27.0.2] AndroidManifest.xml:17:1-22:12
MERGED from [com.android.support:appcompat-v7:27.0.2] AndroidManifest.xml:17:1-22:12
MERGED from [com.android.support:animated-vector-drawable:27.0.2] AndroidManifest.xml:17:1-22:12
MERGED from [com.android.support:support-vector-drawable:27.0.2] AndroidManifest.xml:17:1-22:12
MERGED from [com.android.support:support-fragment:27.0.2] AndroidManifest.xml:17:1-22:12
MERGED from [com.android.support:support-core-utils:27.0.2] AndroidManifest.xml:17:1-22:12
MERGED from [com.android.support:support-core-ui:27.0.2] AndroidManifest.xml:17:1-22:12
MERGED from [com.android.support:support-media-compat:27.0.2] AndroidManifest.xml:17:1-22:12
MERGED from [com.android.support:support-compat:27.0.2] AndroidManifest.xml:17:1-22:12
MERGED from [com.android.support:cardview-v7:27.0.2] AndroidManifest.xml:17:1-22:12
MERGED from [android.arch.lifecycle:runtime:1.0.3] AndroidManifest.xml:17:1-24:12
INJECTED from src\main\AndroidManifest.xml:2:1-27:12
INJECTED from src\main\AndroidManifest.xml:2:1-27:12
INJECTED from src\main\AndroidManifest.xml:2:1-27:12
	package
		ADDED from src\main\AndroidManifest.xml:2:102-133
		INJECTED from src\main\AndroidManifest.xml
		INJECTED from src\main\AndroidManifest.xml
	android:versionName
		ADDED from src\main\AndroidManifest.xml:2:74-101
		INJECTED from src\main\AndroidManifest.xml
		INJECTED from src\main\AndroidManifest.xml
	android:hardwareAccelerated
		ADDED from src\main\AndroidManifest.xml:2:11-45
	xmlns:android
		ADDED from src\main\AndroidManifest.xml:2:134-192
	android:versionCode
		ADDED from src\main\AndroidManifest.xml:2:46-73
		INJECTED from src\main\AndroidManifest.xml
		INJECTED from src\main\AndroidManifest.xml
supports-screens
ADDED from src\main\AndroidManifest.xml:3:5-191
	android:largeScreens
		ADDED from src\main\AndroidManifest.xml:3:49-76
	android:smallScreens
		ADDED from src\main\AndroidManifest.xml:3:132-159
	android:normalScreens
		ADDED from src\main\AndroidManifest.xml:3:77-105
	android:xlargeScreens
		ADDED from src\main\AndroidManifest.xml:3:160-188
	android:resizeable
		ADDED from src\main\AndroidManifest.xml:3:106-131
	android:anyDensity
		ADDED from src\main\AndroidManifest.xml:3:23-48
uses-permission#android.permission.INTERNET
ADDED from src\main\AndroidManifest.xml:4:5-67
	android:name
		ADDED from src\main\AndroidManifest.xml:4:22-64
application
ADDED from src\main\AndroidManifest.xml:5:5-21:19
MERGED from [com.facebook.android:facebook-android-sdk:4.32.0] AndroidManifest.xml:28:5-29:19
MERGED from [com.facebook.android:facebook-android-sdk:4.32.0] AndroidManifest.xml:28:5-29:19
MERGED from [com.facebook.android:facebook-login:4.32.0] AndroidManifest.xml:28:5-29:19
MERGED from [com.facebook.android:facebook-login:4.32.0] AndroidManifest.xml:28:5-29:19
MERGED from [com.facebook.android:facebook-share:4.32.0] AndroidManifest.xml:28:5-29:19
MERGED from [com.facebook.android:facebook-share:4.32.0] AndroidManifest.xml:28:5-29:19
MERGED from [com.facebook.android:facebook-common:4.32.0] AndroidManifest.xml:28:5-34:19
MERGED from [com.facebook.android:facebook-common:4.32.0] AndroidManifest.xml:28:5-34:19
MERGED from [com.facebook.android:facebook-places:4.32.0] AndroidManifest.xml:28:5-29:19
MERGED from [com.facebook.android:facebook-places:4.32.0] AndroidManifest.xml:28:5-29:19
MERGED from [com.facebook.android:facebook-applinks:4.32.0] AndroidManifest.xml:28:5-29:19
MERGED from [com.facebook.android:facebook-applinks:4.32.0] AndroidManifest.xml:28:5-29:19
MERGED from [com.facebook.android:facebook-messenger:4.32.0] AndroidManifest.xml:28:5-29:19
MERGED from [com.facebook.android:facebook-messenger:4.32.0] AndroidManifest.xml:28:5-29:19
MERGED from [com.facebook.android:facebook-core:4.32.0] AndroidManifest.xml:28:5-43:19
MERGED from [com.facebook.android:facebook-core:4.32.0] AndroidManifest.xml:28:5-43:19
	android:supportsRtl
		ADDED from src\main\AndroidManifest.xml:5:114-140
	android:label
		ADDED from src\main\AndroidManifest.xml:5:81-113
	android:hardwareAccelerated
		ADDED from src\main\AndroidManifest.xml:5:18-52
	android:icon
		ADDED from src\main\AndroidManifest.xml:5:53-80
activity#com.piprastudio.dalal.MainActivity
ADDED from src\main\AndroidManifest.xml:6:9-11:20
	android:label
		ADDED from src\main\AndroidManifest.xml:6:97-134
	android:launchMode
		ADDED from src\main\AndroidManifest.xml:6:135-165
	android:windowSoftInputMode
		ADDED from src\main\AndroidManifest.xml:6:257-299
	android:configChanges
		ADDED from src\main\AndroidManifest.xml:6:19-96
	android:theme
		ADDED from src\main\AndroidManifest.xml:6:194-256
	android:name
		ADDED from src\main\AndroidManifest.xml:6:166-193
intent-filter#android.intent.action.MAIN+android.intent.category.LAUNCHER
ADDED from src\main\AndroidManifest.xml:7:13-10:29
	android:label
		ADDED from src\main\AndroidManifest.xml:7:28-65
action#android.intent.action.MAIN
ADDED from src\main\AndroidManifest.xml:8:17-69
	android:name
		ADDED from src\main\AndroidManifest.xml:8:25-66
category#android.intent.category.LAUNCHER
ADDED from src\main\AndroidManifest.xml:9:17-77
	android:name
		ADDED from src\main\AndroidManifest.xml:9:27-74
meta-data#com.facebook.sdk.ApplicationId
ADDED from src\main\AndroidManifest.xml:12:9-102
	android:value
		ADDED from src\main\AndroidManifest.xml:12:66-99
	android:name
		ADDED from src\main\AndroidManifest.xml:12:20-65
meta-data#com.facebook.sdk.ApplicationName
ADDED from src\main\AndroidManifest.xml:13:9-106
	android:value
		ADDED from src\main\AndroidManifest.xml:13:68-103
	android:name
		ADDED from src\main\AndroidManifest.xml:13:20-67
activity#com.facebook.FacebookActivity
ADDED from src\main\AndroidManifest.xml:14:9-186
MERGED from [com.facebook.android:facebook-common:4.32.0] AndroidManifest.xml:29:9-32:66
MERGED from [com.facebook.android:facebook-common:4.32.0] AndroidManifest.xml:29:9-32:66
	android:label
		ADDED from src\main\AndroidManifest.xml:14:103-138
	android:configChanges
		ADDED from src\main\AndroidManifest.xml:14:19-102
	android:theme
		ADDED from [com.facebook.android:facebook-common:4.32.0] AndroidManifest.xml:32:13-63
	android:name
		ADDED from src\main\AndroidManifest.xml:14:139-183
receiver#de.appplant.cordova.plugin.localnotification.TriggerReceiver
ADDED from src\main\AndroidManifest.xml:18:9-122
	android:exported
		ADDED from src\main\AndroidManifest.xml:18:19-43
	android:name
		ADDED from src\main\AndroidManifest.xml:18:44-119
receiver#de.appplant.cordova.plugin.localnotification.ClearReceiver
ADDED from src\main\AndroidManifest.xml:19:9-120
	android:exported
		ADDED from src\main\AndroidManifest.xml:19:19-43
	android:name
		ADDED from src\main\AndroidManifest.xml:19:44-117
activity#de.appplant.cordova.plugin.localnotification.ClickReceiver
ADDED from src\main\AndroidManifest.xml:20:9-205
	android:launchMode
		ADDED from src\main\AndroidManifest.xml:20:44-79
	android:exported
		ADDED from src\main\AndroidManifest.xml:20:19-43
	android:theme
		ADDED from src\main\AndroidManifest.xml:20:154-202
	android:name
		ADDED from src\main\AndroidManifest.xml:20:80-153
uses-sdk
ADDED from src\main\AndroidManifest.xml:22:5-74
MERGED from [me.leolin:ShortcutBadger:1.1.21] AndroidManifest.xml:7:5-9:41
MERGED from [me.leolin:ShortcutBadger:1.1.21] AndroidManifest.xml:7:5-9:41
MERGED from [com.facebook.android:facebook-android-sdk:4.32.0] AndroidManifest.xml:24:5-26:41
MERGED from [com.facebook.android:facebook-android-sdk:4.32.0] AndroidManifest.xml:24:5-26:41
MERGED from [com.facebook.android:facebook-login:4.32.0] AndroidManifest.xml:24:5-26:41
MERGED from [com.facebook.android:facebook-login:4.32.0] AndroidManifest.xml:24:5-26:41
MERGED from [com.facebook.android:facebook-share:4.32.0] AndroidManifest.xml:24:5-26:41
MERGED from [com.facebook.android:facebook-share:4.32.0] AndroidManifest.xml:24:5-26:41
MERGED from [com.facebook.android:facebook-common:4.32.0] AndroidManifest.xml:24:5-26:41
MERGED from [com.facebook.android:facebook-common:4.32.0] AndroidManifest.xml:24:5-26:41
MERGED from [com.android.support:support-v4:27.0.2] AndroidManifest.xml:20:5-44
MERGED from [com.android.support:support-v4:27.0.2] AndroidManifest.xml:20:5-44
MERGED from [:CordovaLib] AndroidManifest.xml:25:5-44
MERGED from [:CordovaLib] AndroidManifest.xml:25:5-44
MERGED from [com.facebook.android:facebook-places:4.32.0] AndroidManifest.xml:24:5-26:41
MERGED from [com.facebook.android:facebook-places:4.32.0] AndroidManifest.xml:24:5-26:41
MERGED from [com.facebook.android:facebook-applinks:4.32.0] AndroidManifest.xml:24:5-26:41
MERGED from [com.facebook.android:facebook-applinks:4.32.0] AndroidManifest.xml:24:5-26:41
MERGED from [com.facebook.android:facebook-messenger:4.32.0] AndroidManifest.xml:24:5-26:41
MERGED from [com.facebook.android:facebook-messenger:4.32.0] AndroidManifest.xml:24:5-26:41
MERGED from [com.facebook.android:facebook-core:4.32.0] AndroidManifest.xml:24:5-26:41
MERGED from [com.facebook.android:facebook-core:4.32.0] AndroidManifest.xml:24:5-26:41
MERGED from [com.android.support:customtabs:27.0.2] AndroidManifest.xml:20:5-44
MERGED from [com.android.support:customtabs:27.0.2] AndroidManifest.xml:20:5-44
MERGED from [com.android.support:appcompat-v7:27.0.2] AndroidManifest.xml:20:5-44
MERGED from [com.android.support:appcompat-v7:27.0.2] AndroidManifest.xml:20:5-44
MERGED from [com.android.support:animated-vector-drawable:27.0.2] AndroidManifest.xml:20:5-44
MERGED from [com.android.support:animated-vector-drawable:27.0.2] AndroidManifest.xml:20:5-44
MERGED from [com.android.support:support-vector-drawable:27.0.2] AndroidManifest.xml:20:5-44
MERGED from [com.android.support:support-vector-drawable:27.0.2] AndroidManifest.xml:20:5-44
MERGED from [com.android.support:support-fragment:27.0.2] AndroidManifest.xml:20:5-44
MERGED from [com.android.support:support-fragment:27.0.2] AndroidManifest.xml:20:5-44
MERGED from [com.android.support:support-core-utils:27.0.2] AndroidManifest.xml:20:5-44
MERGED from [com.android.support:support-core-utils:27.0.2] AndroidManifest.xml:20:5-44
MERGED from [com.android.support:support-core-ui:27.0.2] AndroidManifest.xml:20:5-44
MERGED from [com.android.support:support-core-ui:27.0.2] AndroidManifest.xml:20:5-44
MERGED from [com.android.support:support-media-compat:27.0.2] AndroidManifest.xml:20:5-44
MERGED from [com.android.support:support-media-compat:27.0.2] AndroidManifest.xml:20:5-44
MERGED from [com.android.support:support-compat:27.0.2] AndroidManifest.xml:20:5-44
MERGED from [com.android.support:support-compat:27.0.2] AndroidManifest.xml:20:5-44
MERGED from [com.android.support:cardview-v7:27.0.2] AndroidManifest.xml:20:5-44
MERGED from [com.android.support:cardview-v7:27.0.2] AndroidManifest.xml:20:5-44
MERGED from [android.arch.lifecycle:runtime:1.0.3] AndroidManifest.xml:20:5-22:41
MERGED from [android.arch.lifecycle:runtime:1.0.3] AndroidManifest.xml:20:5-22:41
	android:targetSdkVersion
		ADDED from src\main\AndroidManifest.xml:22:42-71
	android:minSdkVersion
		ADDED from src\main\AndroidManifest.xml:22:15-41
uses-permission#android.permission.ACCESS_COARSE_LOCATION
ADDED from src\main\AndroidManifest.xml:23:5-81
	android:name
		ADDED from src\main\AndroidManifest.xml:23:22-78
uses-permission#android.permission.ACCESS_FINE_LOCATION
ADDED from src\main\AndroidManifest.xml:24:5-79
	android:name
		ADDED from src\main\AndroidManifest.xml:24:22-76
uses-feature#android.hardware.location.gps
ADDED from src\main\AndroidManifest.xml:25:5-66
	android:name
		ADDED from src\main\AndroidManifest.xml:25:19-63
uses-permission#android.permission.WAKE_LOCK
ADDED from src\main\AndroidManifest.xml:26:5-68
	android:name
		ADDED from src\main\AndroidManifest.xml:26:22-65
meta-data#android.support.FILE_PROVIDER_PATHS
ADDED from src\main\AndroidManifest.xml:16:13-134
	android:resource
		ADDED from src\main\AndroidManifest.xml:16:75-131
	android:name
		ADDED from src\main\AndroidManifest.xml:16:24-74
uses-permission#com.sec.android.provider.badge.permission.READ
ADDED from [me.leolin:ShortcutBadger:1.1.21] AndroidManifest.xml:19:5-86
	android:name
		ADDED from [me.leolin:ShortcutBadger:1.1.21] AndroidManifest.xml:19:22-83
uses-permission#com.sec.android.provider.badge.permission.WRITE
ADDED from [me.leolin:ShortcutBadger:1.1.21] AndroidManifest.xml:20:5-87
	android:name
		ADDED from [me.leolin:ShortcutBadger:1.1.21] AndroidManifest.xml:20:22-84
uses-permission#com.htc.launcher.permission.READ_SETTINGS
ADDED from [me.leolin:ShortcutBadger:1.1.21] AndroidManifest.xml:23:5-81
	android:name
		ADDED from [me.leolin:ShortcutBadger:1.1.21] AndroidManifest.xml:23:22-78
uses-permission#com.htc.launcher.permission.UPDATE_SHORTCUT
ADDED from [me.leolin:ShortcutBadger:1.1.21] AndroidManifest.xml:24:5-83
	android:name
		ADDED from [me.leolin:ShortcutBadger:1.1.21] AndroidManifest.xml:24:22-80
uses-permission#com.sonyericsson.home.permission.BROADCAST_BADGE
ADDED from [me.leolin:ShortcutBadger:1.1.21] AndroidManifest.xml:27:5-88
	android:name
		ADDED from [me.leolin:ShortcutBadger:1.1.21] AndroidManifest.xml:27:22-85
uses-permission#com.sonymobile.home.permission.PROVIDER_INSERT_BADGE
ADDED from [me.leolin:ShortcutBadger:1.1.21] AndroidManifest.xml:28:5-92
	android:name
		ADDED from [me.leolin:ShortcutBadger:1.1.21] AndroidManifest.xml:28:22-89
uses-permission#com.anddoes.launcher.permission.UPDATE_COUNT
ADDED from [me.leolin:ShortcutBadger:1.1.21] AndroidManifest.xml:31:5-84
	android:name
		ADDED from [me.leolin:ShortcutBadger:1.1.21] AndroidManifest.xml:31:22-81
uses-permission#com.majeur.launcher.permission.UPDATE_BADGE
ADDED from [me.leolin:ShortcutBadger:1.1.21] AndroidManifest.xml:34:5-83
	android:name
		ADDED from [me.leolin:ShortcutBadger:1.1.21] AndroidManifest.xml:34:22-80
uses-permission#com.huawei.android.launcher.permission.CHANGE_BADGE
ADDED from [me.leolin:ShortcutBadger:1.1.21] AndroidManifest.xml:37:5-91
	android:name
		ADDED from [me.leolin:ShortcutBadger:1.1.21] AndroidManifest.xml:37:22-88
uses-permission#com.huawei.android.launcher.permission.READ_SETTINGS
ADDED from [me.leolin:ShortcutBadger:1.1.21] AndroidManifest.xml:38:5-92
	android:name
		ADDED from [me.leolin:ShortcutBadger:1.1.21] AndroidManifest.xml:38:22-89
uses-permission#com.huawei.android.launcher.permission.WRITE_SETTINGS
ADDED from [me.leolin:ShortcutBadger:1.1.21] AndroidManifest.xml:39:5-93
	android:name
		ADDED from [me.leolin:ShortcutBadger:1.1.21] AndroidManifest.xml:39:22-90
uses-permission#android.permission.READ_APP_BADGE
ADDED from [me.leolin:ShortcutBadger:1.1.21] AndroidManifest.xml:42:5-73
	android:name
		ADDED from [me.leolin:ShortcutBadger:1.1.21] AndroidManifest.xml:42:22-70
uses-permission#com.oppo.launcher.permission.READ_SETTINGS
ADDED from [me.leolin:ShortcutBadger:1.1.21] AndroidManifest.xml:45:5-82
	android:name
		ADDED from [me.leolin:ShortcutBadger:1.1.21] AndroidManifest.xml:45:22-79
uses-permission#com.oppo.launcher.permission.WRITE_SETTINGS
ADDED from [me.leolin:ShortcutBadger:1.1.21] AndroidManifest.xml:46:5-83
	android:name
		ADDED from [me.leolin:ShortcutBadger:1.1.21] AndroidManifest.xml:46:22-80
uses-permission#me.everything.badger.permission.BADGE_COUNT_READ
ADDED from [me.leolin:ShortcutBadger:1.1.21] AndroidManifest.xml:49:5-88
	android:name
		ADDED from [me.leolin:ShortcutBadger:1.1.21] AndroidManifest.xml:49:22-85
uses-permission#me.everything.badger.permission.BADGE_COUNT_WRITE
ADDED from [me.leolin:ShortcutBadger:1.1.21] AndroidManifest.xml:50:5-89
	android:name
		ADDED from [me.leolin:ShortcutBadger:1.1.21] AndroidManifest.xml:50:22-86
activity#com.facebook.CustomTabMainActivity
ADDED from [com.facebook.android:facebook-common:4.32.0] AndroidManifest.xml:33:9-71
	android:name
		ADDED from [com.facebook.android:facebook-common:4.32.0] AndroidManifest.xml:33:19-68
provider#com.facebook.internal.FacebookInitProvider
ADDED from [com.facebook.android:facebook-core:4.32.0] AndroidManifest.xml:39:9-42:40
	android:authorities
		ADDED from [com.facebook.android:facebook-core:4.32.0] AndroidManifest.xml:41:13-72
	android:exported
		ADDED from [com.facebook.android:facebook-core:4.32.0] AndroidManifest.xml:42:13-37
	android:name
		ADDED from [com.facebook.android:facebook-core:4.32.0] AndroidManifest.xml:40:13-70